<?xml version="1.0" encoding="UTF-8"?>
<!-- Generated by org.testng.reporters.JUnitXMLReporter -->
<testsuite hostname="DESKTOP-KFSGMIP" failures="0" tests="3" name="Test2" time="133.094" errors="0" timestamp="23 Apr 2021 06:57:33 GMT">
  <testcase classname="MainProject.E2EProject.HomepageBasic" name="initializeurl" time="76.233"/>
  <testcase classname="MainProject.E2EProject.HomepageBasic" name="initializeurl" time="19.708"/>
  <testcase classname="MainProject.E2EProject.HomepageBasic" name="initializeurl" time="16.793"/>
</testsuite> <!-- Test2 -->
