<?xml version="1.0" encoding="UTF-8"?>
<testsuite xmlns:xsi="http://www.w3.org/2001/XMLSchema-instance" xsi:noNamespaceSchemaLocation="https://maven.apache.org/surefire/maven-surefire-plugin/xsd/surefire-test-report.xsd" name="TestSuite" time="137.402" tests="4" errors="0" skipped="3" failures="1">
  <properties>
[...]
</properties>
  <testcase name="firsttest" classname="MainProject.E2EProject.ValidateTitleText" time="112.83">
    <failure message="Timed out waiting for driver server to start.&#10;Build info: version: &apos;3.141.59&apos;, revision: &apos;e82be7d358&apos;, time: &apos;2018-11-14T08:17:03&apos;&#10;System info: host: &apos;DESKTOP-KFSGMIP&apos;, ip: &apos;169.254.57.149&apos;, os.name: &apos;Windows 10&apos;, os.arch: &apos;amd64&apos;, os.version: &apos;10.0&apos;, java.version: &apos;11.0.10&apos;&#10;Driver info: driver.version: ChromeDriver" type="org.openqa.selenium.WebDriverException">org.openqa.selenium.WebDriverException: 
Timed out waiting for driver server to start.
Build info: version: '3.141.59', revision: 'e82be7d358', time: '2018-11-14T08:17:03'
System info: host: 'DESKTOP-KFSGMIP', ip: '169.254.57.149', os.name: 'Windows 10', os.arch: 'amd64', os.version: '10.0', java.version: '11.0.10'
Driver info: driver.version: ChromeDriver
	at MainProject.E2EProject.ValidateTitleText.firsttest(ValidateTitleText.java:31)
Caused by: org.openqa.selenium.net.UrlChecker$TimeoutException: Timed out waiting for [http://localhost:24906/status] to be available after 20007 ms
	at MainProject.E2EProject.ValidateTitleText.firsttest(ValidateTitleText.java:31)
Caused by: java.util.concurrent.TimeoutException
	at MainProject.E2EProject.ValidateTitleText.firsttest(ValidateTitleText.java:31)
</failure>
    <system-out><![CDATA[chrome
]]></system-out>
  </testcase>
  <testcase name="productlist" classname="MainProject.E2EProject.ValidateTitleText" time="0">
    <skipped/>
  </testcase>
  <testcase name="validateTilteText" classname="MainProject.E2EProject.ValidateTitleText" time="0">
    <skipped/>
  </testcase>
  <testcase name="closebrowser" classname="MainProject.E2EProject.ValidateTitleText" time="0">
    <skipped/>
  </testcase>
</testsuite>